[DEBUG] 2022-06-14 19:36:11.257 [main] StatisticsInitiator - Statistics initialized [enabled=true]
[DEBUG] 2022-06-14 19:36:14.319 [main] StatisticsImpl - HHH000117: HQL: select generatedAlias0 from orders as generatedAlias0, time: 1229ms, rows: 10000
[DEBUG] 2022-06-14 19:36:14.366 [main] StatisticsImpl - HHH000117: HQL: select generatedAlias0 from orders as generatedAlias0, time: 4ms, rows: 10
[DEBUG] 2022-06-14 19:36:14.374 [main] StatisticsImpl - HHH000117: HQL: select count(generatedAlias0) from orders as generatedAlias0, time: 3ms, rows: 1
[DEBUG] 2022-06-14 19:37:26.035 [main] StatisticsInitiator - Statistics initialized [enabled=true]
[DEBUG] 2022-06-14 19:37:29.297 [main] StatisticsImpl - HHH000117: HQL: select generatedAlias0 from orders as generatedAlias0, time: 1282ms, rows: 10000
[DEBUG] 2022-06-14 19:37:29.342 [main] StatisticsImpl - HHH000117: HQL: select generatedAlias0 from orders as generatedAlias0, time: 5ms, rows: 10
[DEBUG] 2022-06-14 19:37:29.350 [main] StatisticsImpl - HHH000117: HQL: select count(generatedAlias0) from orders as generatedAlias0, time: 3ms, rows: 1
[DEBUG] 2022-06-14 19:37:30.206 [main] StatisticsImpl - HHH000117: HQL: select generatedAlias0 from orders as generatedAlias0, time: 826ms, rows: 10000
[DEBUG] 2022-06-14 19:37:30.236 [main] StatisticsImpl - HHH000117: HQL: select generatedAlias0 from orders as generatedAlias0, time: 3ms, rows: 10
[DEBUG] 2022-06-14 19:37:30.240 [main] StatisticsImpl - HHH000117: HQL: select count(generatedAlias0) from orders as generatedAlias0, time: 3ms, rows: 1
[DEBUG] 2022-06-14 19:37:30.918 [main] StatisticsImpl - HHH000117: HQL: select generatedAlias0 from orders as generatedAlias0, time: 656ms, rows: 10000
[DEBUG] 2022-06-14 19:37:30.945 [main] StatisticsImpl - HHH000117: HQL: select generatedAlias0 from orders as generatedAlias0, time: 3ms, rows: 10
[DEBUG] 2022-06-14 19:37:30.950 [main] StatisticsImpl - HHH000117: HQL: select count(generatedAlias0) from orders as generatedAlias0, time: 4ms, rows: 1
[DEBUG] 2022-06-14 19:37:31.618 [main] StatisticsImpl - HHH000117: HQL: select generatedAlias0 from orders as generatedAlias0, time: 647ms, rows: 10000
[DEBUG] 2022-06-14 19:37:31.646 [main] StatisticsImpl - HHH000117: HQL: select generatedAlias0 from orders as generatedAlias0, time: 3ms, rows: 10
[DEBUG] 2022-06-14 19:37:31.650 [main] StatisticsImpl - HHH000117: HQL: select count(generatedAlias0) from orders as generatedAlias0, time: 3ms, rows: 1
[DEBUG] 2022-06-14 19:37:32.252 [main] StatisticsImpl - HHH000117: HQL: select generatedAlias0 from orders as generatedAlias0, time: 581ms, rows: 10000
[DEBUG] 2022-06-14 19:37:32.277 [main] StatisticsImpl - HHH000117: HQL: select generatedAlias0 from orders as generatedAlias0, time: 2ms, rows: 10
[DEBUG] 2022-06-14 19:37:32.281 [main] StatisticsImpl - HHH000117: HQL: select count(generatedAlias0) from orders as generatedAlias0, time: 3ms, rows: 1
[DEBUG] 2022-06-14 19:37:33.010 [main] StatisticsImpl - HHH000117: HQL: select generatedAlias0 from orders as generatedAlias0, time: 712ms, rows: 10000
[DEBUG] 2022-06-14 19:37:33.034 [main] StatisticsImpl - HHH000117: HQL: select generatedAlias0 from orders as generatedAlias0, time: 2ms, rows: 10
[DEBUG] 2022-06-14 19:37:33.037 [main] StatisticsImpl - HHH000117: HQL: select count(generatedAlias0) from orders as generatedAlias0, time: 3ms, rows: 1
[DEBUG] 2022-06-14 19:37:33.662 [main] StatisticsImpl - HHH000117: HQL: select generatedAlias0 from orders as generatedAlias0, time: 603ms, rows: 10000
[DEBUG] 2022-06-14 19:37:33.685 [main] StatisticsImpl - HHH000117: HQL: select generatedAlias0 from orders as generatedAlias0, time: 2ms, rows: 10
[DEBUG] 2022-06-14 19:37:33.688 [main] StatisticsImpl - HHH000117: HQL: select count(generatedAlias0) from orders as generatedAlias0, time: 2ms, rows: 1
[DEBUG] 2022-06-14 19:37:34.256 [main] StatisticsImpl - HHH000117: HQL: select generatedAlias0 from orders as generatedAlias0, time: 548ms, rows: 10000
[DEBUG] 2022-06-14 19:37:34.278 [main] StatisticsImpl - HHH000117: HQL: select generatedAlias0 from orders as generatedAlias0, time: 2ms, rows: 10
[DEBUG] 2022-06-14 19:37:34.281 [main] StatisticsImpl - HHH000117: HQL: select count(generatedAlias0) from orders as generatedAlias0, time: 2ms, rows: 1
[DEBUG] 2022-06-14 19:37:34.825 [main] StatisticsImpl - HHH000117: HQL: select generatedAlias0 from orders as generatedAlias0, time: 527ms, rows: 10000
[DEBUG] 2022-06-14 19:37:34.845 [main] StatisticsImpl - HHH000117: HQL: select generatedAlias0 from orders as generatedAlias0, time: 2ms, rows: 10
[DEBUG] 2022-06-14 19:37:34.848 [main] StatisticsImpl - HHH000117: HQL: select count(generatedAlias0) from orders as generatedAlias0, time: 2ms, rows: 1
[DEBUG] 2022-06-14 19:37:35.397 [main] StatisticsImpl - HHH000117: HQL: select generatedAlias0 from orders as generatedAlias0, time: 533ms, rows: 10000
[DEBUG] 2022-06-14 19:37:35.415 [main] StatisticsImpl - HHH000117: HQL: select generatedAlias0 from orders as generatedAlias0, time: 2ms, rows: 10
[DEBUG] 2022-06-14 19:37:35.418 [main] StatisticsImpl - HHH000117: HQL: select count(generatedAlias0) from orders as generatedAlias0, time: 2ms, rows: 1
[DEBUG] 2022-06-14 19:38:35.236 [main] StatisticsInitiator - Statistics initialized [enabled=true]
[DEBUG] 2022-06-14 19:38:37.529 [main] StatisticsImpl - HHH000117: HQL: select generatedAlias0 from orders as generatedAlias0, time: 46ms, rows: 10
[DEBUG] 2022-06-14 19:38:37.538 [main] StatisticsImpl - HHH000117: HQL: select count(generatedAlias0) from orders as generatedAlias0, time: 4ms, rows: 1
[DEBUG] 2022-06-14 19:39:32.934 [main] StatisticsInitiator - Statistics initialized [enabled=true]
[DEBUG] 2022-06-14 19:39:34.997 [main] StatisticsImpl - HHH000117: HQL: select generatedAlias0 from orders as generatedAlias0, time: 43ms, rows: 10
[DEBUG] 2022-06-14 19:39:35.007 [main] StatisticsImpl - HHH000117: HQL: select count(generatedAlias0) from orders as generatedAlias0, time: 4ms, rows: 1
[DEBUG] 2022-06-14 19:42:33.158 [main] StatisticsInitiator - Statistics initialized [enabled=true]
[DEBUG] 2022-06-14 19:42:35.180 [main] StatisticsImpl - HHH000117: HQL: select generatedAlias0 from orders as generatedAlias0, time: 49ms, rows: 10
[DEBUG] 2022-06-14 19:42:35.191 [main] StatisticsImpl - HHH000117: HQL: select count(generatedAlias0) from orders as generatedAlias0, time: 3ms, rows: 1
[DEBUG] 2022-06-14 19:42:46.051 [main] StatisticsInitiator - Statistics initialized [enabled=true]
[DEBUG] 2022-06-14 19:42:49.659 [main] StatisticsImpl - HHH000117: HQL: select generatedAlias0 from orders as generatedAlias0, time: 1690ms, rows: 10000
[DEBUG] 2022-06-14 19:42:49.726 [main] StatisticsImpl - HHH000117: HQL: select generatedAlias0 from orders as generatedAlias0, time: 5ms, rows: 10
[DEBUG] 2022-06-14 19:42:49.736 [main] StatisticsImpl - HHH000117: HQL: select count(generatedAlias0) from orders as generatedAlias0, time: 4ms, rows: 1
[DEBUG] 2022-06-14 19:42:49.759 [main] StatisticsImpl - HHH000117: HQL: select generatedAlias0 from orders as generatedAlias0, time: 5ms, rows: 10
[DEBUG] 2022-06-14 19:42:49.766 [main] StatisticsImpl - HHH000117: HQL: select count(generatedAlias0) from orders as generatedAlias0, time: 5ms, rows: 1
[DEBUG] 2022-06-14 19:42:50.565 [main] StatisticsImpl - HHH000117: HQL: select generatedAlias0 from orders as generatedAlias0, time: 763ms, rows: 10000
[DEBUG] 2022-06-14 19:42:50.598 [main] StatisticsImpl - HHH000117: HQL: select generatedAlias0 from orders as generatedAlias0, time: 5ms, rows: 10
[DEBUG] 2022-06-14 19:42:50.603 [main] StatisticsImpl - HHH000117: HQL: select count(generatedAlias0) from orders as generatedAlias0, time: 4ms, rows: 1
[DEBUG] 2022-06-14 19:42:50.626 [main] StatisticsImpl - HHH000117: HQL: select generatedAlias0 from orders as generatedAlias0, time: 4ms, rows: 10
[DEBUG] 2022-06-14 19:42:50.632 [main] StatisticsImpl - HHH000117: HQL: select count(generatedAlias0) from orders as generatedAlias0, time: 4ms, rows: 1
[DEBUG] 2022-06-14 19:42:51.295 [main] StatisticsImpl - HHH000117: HQL: select generatedAlias0 from orders as generatedAlias0, time: 636ms, rows: 10000
[DEBUG] 2022-06-14 19:42:51.327 [main] StatisticsImpl - HHH000117: HQL: select generatedAlias0 from orders as generatedAlias0, time: 5ms, rows: 10
[DEBUG] 2022-06-14 19:42:51.332 [main] StatisticsImpl - HHH000117: HQL: select count(generatedAlias0) from orders as generatedAlias0, time: 4ms, rows: 1
[DEBUG] 2022-06-14 19:42:51.354 [main] StatisticsImpl - HHH000117: HQL: select generatedAlias0 from orders as generatedAlias0, time: 4ms, rows: 10
[DEBUG] 2022-06-14 19:42:51.359 [main] StatisticsImpl - HHH000117: HQL: select count(generatedAlias0) from orders as generatedAlias0, time: 5ms, rows: 1
[DEBUG] 2022-06-14 19:42:51.984 [main] StatisticsImpl - HHH000117: HQL: select generatedAlias0 from orders as generatedAlias0, time: 594ms, rows: 10000
[DEBUG] 2022-06-14 19:42:52.008 [main] StatisticsImpl - HHH000117: HQL: select generatedAlias0 from orders as generatedAlias0, time: 2ms, rows: 10
[DEBUG] 2022-06-14 19:42:52.012 [main] StatisticsImpl - HHH000117: HQL: select count(generatedAlias0) from orders as generatedAlias0, time: 3ms, rows: 1
[DEBUG] 2022-06-14 19:42:52.026 [main] StatisticsImpl - HHH000117: HQL: select generatedAlias0 from orders as generatedAlias0, time: 2ms, rows: 10
[DEBUG] 2022-06-14 19:42:52.029 [main] StatisticsImpl - HHH000117: HQL: select count(generatedAlias0) from orders as generatedAlias0, time: 2ms, rows: 1
[DEBUG] 2022-06-14 19:42:52.622 [main] StatisticsImpl - HHH000117: HQL: select generatedAlias0 from orders as generatedAlias0, time: 571ms, rows: 10000
[DEBUG] 2022-06-14 19:42:52.648 [main] StatisticsImpl - HHH000117: HQL: select generatedAlias0 from orders as generatedAlias0, time: 3ms, rows: 10
[DEBUG] 2022-06-14 19:42:52.652 [main] StatisticsImpl - HHH000117: HQL: select count(generatedAlias0) from orders as generatedAlias0, time: 3ms, rows: 1
[DEBUG] 2022-06-14 19:42:52.671 [main] StatisticsImpl - HHH000117: HQL: select generatedAlias0 from orders as generatedAlias0, time: 3ms, rows: 10
[DEBUG] 2022-06-14 19:42:52.676 [main] StatisticsImpl - HHH000117: HQL: select count(generatedAlias0) from orders as generatedAlias0, time: 4ms, rows: 1
[DEBUG] 2022-06-14 19:42:53.252 [main] StatisticsImpl - HHH000117: HQL: select generatedAlias0 from orders as generatedAlias0, time: 548ms, rows: 10000
[DEBUG] 2022-06-14 19:42:53.275 [main] StatisticsImpl - HHH000117: HQL: select generatedAlias0 from orders as generatedAlias0, time: 2ms, rows: 10
[DEBUG] 2022-06-14 19:42:53.277 [main] StatisticsImpl - HHH000117: HQL: select count(generatedAlias0) from orders as generatedAlias0, time: 2ms, rows: 1
[DEBUG] 2022-06-14 19:42:53.290 [main] StatisticsImpl - HHH000117: HQL: select generatedAlias0 from orders as generatedAlias0, time: 2ms, rows: 10
[DEBUG] 2022-06-14 19:42:53.293 [main] StatisticsImpl - HHH000117: HQL: select count(generatedAlias0) from orders as generatedAlias0, time: 2ms, rows: 1
[DEBUG] 2022-06-14 19:42:53.860 [main] StatisticsImpl - HHH000117: HQL: select generatedAlias0 from orders as generatedAlias0, time: 551ms, rows: 10000
[DEBUG] 2022-06-14 19:42:53.883 [main] StatisticsImpl - HHH000117: HQL: select generatedAlias0 from orders as generatedAlias0, time: 2ms, rows: 10
[DEBUG] 2022-06-14 19:42:53.887 [main] StatisticsImpl - HHH000117: HQL: select count(generatedAlias0) from orders as generatedAlias0, time: 3ms, rows: 1
[DEBUG] 2022-06-14 19:42:53.902 [main] StatisticsImpl - HHH000117: HQL: select generatedAlias0 from orders as generatedAlias0, time: 2ms, rows: 10
[DEBUG] 2022-06-14 19:42:53.905 [main] StatisticsImpl - HHH000117: HQL: select count(generatedAlias0) from orders as generatedAlias0, time: 2ms, rows: 1
[DEBUG] 2022-06-14 19:42:54.452 [main] StatisticsImpl - HHH000117: HQL: select generatedAlias0 from orders as generatedAlias0, time: 530ms, rows: 10000
[DEBUG] 2022-06-14 19:42:54.472 [main] StatisticsImpl - HHH000117: HQL: select generatedAlias0 from orders as generatedAlias0, time: 2ms, rows: 10
[DEBUG] 2022-06-14 19:42:54.475 [main] StatisticsImpl - HHH000117: HQL: select count(generatedAlias0) from orders as generatedAlias0, time: 2ms, rows: 1
[DEBUG] 2022-06-14 19:42:54.488 [main] StatisticsImpl - HHH000117: HQL: select generatedAlias0 from orders as generatedAlias0, time: 2ms, rows: 10
[DEBUG] 2022-06-14 19:42:54.492 [main] StatisticsImpl - HHH000117: HQL: select count(generatedAlias0) from orders as generatedAlias0, time: 2ms, rows: 1
[DEBUG] 2022-06-14 19:42:55.050 [main] StatisticsImpl - HHH000117: HQL: select generatedAlias0 from orders as generatedAlias0, time: 543ms, rows: 10000
[DEBUG] 2022-06-14 19:42:55.069 [main] StatisticsImpl - HHH000117: HQL: select generatedAlias0 from orders as generatedAlias0, time: 2ms, rows: 10
[DEBUG] 2022-06-14 19:42:55.073 [main] StatisticsImpl - HHH000117: HQL: select count(generatedAlias0) from orders as generatedAlias0, time: 3ms, rows: 1
[DEBUG] 2022-06-14 19:42:55.086 [main] StatisticsImpl - HHH000117: HQL: select generatedAlias0 from orders as generatedAlias0, time: 2ms, rows: 10
[DEBUG] 2022-06-14 19:42:55.090 [main] StatisticsImpl - HHH000117: HQL: select count(generatedAlias0) from orders as generatedAlias0, time: 4ms, rows: 1
[DEBUG] 2022-06-14 19:42:55.712 [main] StatisticsImpl - HHH000117: HQL: select generatedAlias0 from orders as generatedAlias0, time: 603ms, rows: 10000
[DEBUG] 2022-06-14 19:42:55.729 [main] StatisticsImpl - HHH000117: HQL: select generatedAlias0 from orders as generatedAlias0, time: 2ms, rows: 10
[DEBUG] 2022-06-14 19:42:55.733 [main] StatisticsImpl - HHH000117: HQL: select count(generatedAlias0) from orders as generatedAlias0, time: 2ms, rows: 1
[DEBUG] 2022-06-14 19:42:55.746 [main] StatisticsImpl - HHH000117: HQL: select generatedAlias0 from orders as generatedAlias0, time: 3ms, rows: 10
[DEBUG] 2022-06-14 19:42:55.749 [main] StatisticsImpl - HHH000117: HQL: select count(generatedAlias0) from orders as generatedAlias0, time: 3ms, rows: 1
[DEBUG] 2022-06-14 19:43:19.345 [main] StatisticsInitiator - Statistics initialized [enabled=true]
[DEBUG] 2022-06-14 19:43:21.167 [main] StatisticsImpl - HHH000117: HQL: select generatedAlias0 from orders as generatedAlias0, time: 42ms, rows: 10
[DEBUG] 2022-06-14 19:43:21.176 [main] StatisticsImpl - HHH000117: HQL: select count(generatedAlias0) from orders as generatedAlias0, time: 4ms, rows: 1
[DEBUG] 2022-06-14 19:45:28.519 [main] StatisticsInitiator - Statistics initialized [enabled=true]
[DEBUG] 2022-06-14 19:45:30.424 [main] StatisticsImpl - HHH000117: HQL: select generatedAlias0 from orders as generatedAlias0, time: 51ms, rows: 10
[DEBUG] 2022-06-14 19:45:30.435 [main] StatisticsImpl - HHH000117: HQL: select count(generatedAlias0) from orders as generatedAlias0, time: 5ms, rows: 1
[DEBUG] 2022-06-14 19:45:40.701 [main] StatisticsInitiator - Statistics initialized [enabled=true]
[DEBUG] 2022-06-14 19:45:43.964 [main] StatisticsImpl - HHH000117: HQL: select generatedAlias0 from orders as generatedAlias0, time: 1413ms, rows: 10000
[DEBUG] 2022-06-14 19:45:44.018 [main] StatisticsImpl - HHH000117: HQL: select generatedAlias0 from orders as generatedAlias0, time: 5ms, rows: 10
[DEBUG] 2022-06-14 19:45:44.026 [main] StatisticsImpl - HHH000117: HQL: select count(generatedAlias0) from orders as generatedAlias0, time: 3ms, rows: 1
[DEBUG] 2022-06-14 19:45:44.049 [main] StatisticsImpl - HHH000117: HQL: select generatedAlias0 from orders as generatedAlias0, time: 5ms, rows: 10
[DEBUG] 2022-06-14 19:45:44.054 [main] StatisticsImpl - HHH000117: HQL: select count(generatedAlias0) from orders as generatedAlias0, time: 4ms, rows: 1
[DEBUG] 2022-06-14 19:45:44.852 [main] StatisticsImpl - HHH000117: HQL: select generatedAlias0 from orders as generatedAlias0, time: 756ms, rows: 10000
[DEBUG] 2022-06-14 19:45:44.883 [main] StatisticsImpl - HHH000117: HQL: select generatedAlias0 from orders as generatedAlias0, time: 4ms, rows: 10
[DEBUG] 2022-06-14 19:45:44.886 [main] StatisticsImpl - HHH000117: HQL: select count(generatedAlias0) from orders as generatedAlias0, time: 3ms, rows: 1
[DEBUG] 2022-06-14 19:45:44.906 [main] StatisticsImpl - HHH000117: HQL: select generatedAlias0 from orders as generatedAlias0, time: 3ms, rows: 10
[DEBUG] 2022-06-14 19:45:44.910 [main] StatisticsImpl - HHH000117: HQL: select count(generatedAlias0) from orders as generatedAlias0, time: 3ms, rows: 1
[DEBUG] 2022-06-14 19:45:45.705 [main] StatisticsImpl - HHH000117: HQL: select generatedAlias0 from orders as generatedAlias0, time: 772ms, rows: 10000
[DEBUG] 2022-06-14 19:45:45.732 [main] StatisticsImpl - HHH000117: HQL: select generatedAlias0 from orders as generatedAlias0, time: 3ms, rows: 10
[DEBUG] 2022-06-14 19:45:45.735 [main] StatisticsImpl - HHH000117: HQL: select count(generatedAlias0) from orders as generatedAlias0, time: 3ms, rows: 1
[DEBUG] 2022-06-14 19:45:45.751 [main] StatisticsImpl - HHH000117: HQL: select generatedAlias0 from orders as generatedAlias0, time: 2ms, rows: 10
[DEBUG] 2022-06-14 19:45:45.754 [main] StatisticsImpl - HHH000117: HQL: select count(generatedAlias0) from orders as generatedAlias0, time: 3ms, rows: 1
[DEBUG] 2022-06-14 19:45:46.378 [main] StatisticsImpl - HHH000117: HQL: select generatedAlias0 from orders as generatedAlias0, time: 602ms, rows: 10000
[DEBUG] 2022-06-14 19:45:46.413 [main] StatisticsImpl - HHH000117: HQL: select generatedAlias0 from orders as generatedAlias0, time: 4ms, rows: 10
[DEBUG] 2022-06-14 19:45:46.417 [main] StatisticsImpl - HHH000117: HQL: select count(generatedAlias0) from orders as generatedAlias0, time: 4ms, rows: 1
[DEBUG] 2022-06-14 19:45:46.440 [main] StatisticsImpl - HHH000117: HQL: select generatedAlias0 from orders as generatedAlias0, time: 4ms, rows: 10
[DEBUG] 2022-06-14 19:45:46.444 [main] StatisticsImpl - HHH000117: HQL: select count(generatedAlias0) from orders as generatedAlias0, time: 3ms, rows: 1
[DEBUG] 2022-06-14 19:45:47.102 [main] StatisticsImpl - HHH000117: HQL: select generatedAlias0 from orders as generatedAlias0, time: 627ms, rows: 10000
[DEBUG] 2022-06-14 19:45:47.128 [main] StatisticsImpl - HHH000117: HQL: select generatedAlias0 from orders as generatedAlias0, time: 3ms, rows: 10
[DEBUG] 2022-06-14 19:45:47.131 [main] StatisticsImpl - HHH000117: HQL: select count(generatedAlias0) from orders as generatedAlias0, time: 3ms, rows: 1
[DEBUG] 2022-06-14 19:45:47.149 [main] StatisticsImpl - HHH000117: HQL: select generatedAlias0 from orders as generatedAlias0, time: 2ms, rows: 10
[DEBUG] 2022-06-14 19:45:47.152 [main] StatisticsImpl - HHH000117: HQL: select count(generatedAlias0) from orders as generatedAlias0, time: 2ms, rows: 1
[DEBUG] 2022-06-14 19:45:47.848 [main] StatisticsImpl - HHH000117: HQL: select generatedAlias0 from orders as generatedAlias0, time: 675ms, rows: 10000
[DEBUG] 2022-06-14 19:45:47.869 [main] StatisticsImpl - HHH000117: HQL: select generatedAlias0 from orders as generatedAlias0, time: 2ms, rows: 10
[DEBUG] 2022-06-14 19:45:47.871 [main] StatisticsImpl - HHH000117: HQL: select count(generatedAlias0) from orders as generatedAlias0, time: 2ms, rows: 1
[DEBUG] 2022-06-14 19:45:47.885 [main] StatisticsImpl - HHH000117: HQL: select generatedAlias0 from orders as generatedAlias0, time: 2ms, rows: 10
[DEBUG] 2022-06-14 19:45:47.887 [main] StatisticsImpl - HHH000117: HQL: select count(generatedAlias0) from orders as generatedAlias0, time: 2ms, rows: 1
[DEBUG] 2022-06-14 19:45:48.495 [main] StatisticsImpl - HHH000117: HQL: select generatedAlias0 from orders as generatedAlias0, time: 592ms, rows: 10000
[DEBUG] 2022-06-14 19:45:48.515 [main] StatisticsImpl - HHH000117: HQL: select generatedAlias0 from orders as generatedAlias0, time: 2ms, rows: 10
[DEBUG] 2022-06-14 19:45:48.518 [main] StatisticsImpl - HHH000117: HQL: select count(generatedAlias0) from orders as generatedAlias0, time: 2ms, rows: 1
[DEBUG] 2022-06-14 19:45:48.530 [main] StatisticsImpl - HHH000117: HQL: select generatedAlias0 from orders as generatedAlias0, time: 2ms, rows: 10
[DEBUG] 2022-06-14 19:45:48.533 [main] StatisticsImpl - HHH000117: HQL: select count(generatedAlias0) from orders as generatedAlias0, time: 2ms, rows: 1
[DEBUG] 2022-06-14 19:45:49.153 [main] StatisticsImpl - HHH000117: HQL: select generatedAlias0 from orders as generatedAlias0, time: 603ms, rows: 10000
[DEBUG] 2022-06-14 19:45:49.174 [main] StatisticsImpl - HHH000117: HQL: select generatedAlias0 from orders as generatedAlias0, time: 2ms, rows: 10
[DEBUG] 2022-06-14 19:45:49.177 [main] StatisticsImpl - HHH000117: HQL: select count(generatedAlias0) from orders as generatedAlias0, time: 2ms, rows: 1
[DEBUG] 2022-06-14 19:45:49.190 [main] StatisticsImpl - HHH000117: HQL: select generatedAlias0 from orders as generatedAlias0, time: 2ms, rows: 10
[DEBUG] 2022-06-14 19:45:49.193 [main] StatisticsImpl - HHH000117: HQL: select count(generatedAlias0) from orders as generatedAlias0, time: 3ms, rows: 1
[DEBUG] 2022-06-14 19:45:49.793 [main] StatisticsImpl - HHH000117: HQL: select generatedAlias0 from orders as generatedAlias0, time: 580ms, rows: 10000
[DEBUG] 2022-06-14 19:45:49.811 [main] StatisticsImpl - HHH000117: HQL: select generatedAlias0 from orders as generatedAlias0, time: 2ms, rows: 10
[DEBUG] 2022-06-14 19:45:49.814 [main] StatisticsImpl - HHH000117: HQL: select count(generatedAlias0) from orders as generatedAlias0, time: 2ms, rows: 1
[DEBUG] 2022-06-14 19:45:49.827 [main] StatisticsImpl - HHH000117: HQL: select generatedAlias0 from orders as generatedAlias0, time: 2ms, rows: 10
[DEBUG] 2022-06-14 19:45:49.829 [main] StatisticsImpl - HHH000117: HQL: select count(generatedAlias0) from orders as generatedAlias0, time: 2ms, rows: 1
[DEBUG] 2022-06-14 19:45:50.446 [main] StatisticsImpl - HHH000117: HQL: select generatedAlias0 from orders as generatedAlias0, time: 600ms, rows: 10000
[DEBUG] 2022-06-14 19:45:50.466 [main] StatisticsImpl - HHH000117: HQL: select generatedAlias0 from orders as generatedAlias0, time: 2ms, rows: 10
[DEBUG] 2022-06-14 19:45:50.470 [main] StatisticsImpl - HHH000117: HQL: select count(generatedAlias0) from orders as generatedAlias0, time: 2ms, rows: 1
[DEBUG] 2022-06-14 19:45:50.483 [main] StatisticsImpl - HHH000117: HQL: select generatedAlias0 from orders as generatedAlias0, time: 2ms, rows: 10
[DEBUG] 2022-06-14 19:45:50.486 [main] StatisticsImpl - HHH000117: HQL: select count(generatedAlias0) from orders as generatedAlias0, time: 2ms, rows: 1
[DEBUG] 2022-06-14 20:16:46.030 [main] StatisticsInitiator - Statistics initialized [enabled=true]
[DEBUG] 2022-06-14 20:17:16.788 [main] StatisticsInitiator - Statistics initialized [enabled=true]
[DEBUG] 2022-06-14 20:17:20.174 [main] StatisticsImpl - HHH000117: HQL: select generatedAlias0 from orders as generatedAlias0 where generatedAlias0.creationDate<:param0, time: 1451ms, rows: 8971
[DEBUG] 2022-06-14 20:20:30.678 [main] StatisticsInitiator - Statistics initialized [enabled=true]
[DEBUG] 2022-06-14 20:22:01.050 [main] StatisticsInitiator - Statistics initialized [enabled=true]
[DEBUG] 2022-06-14 20:23:34.927 [main] StatisticsInitiator - Statistics initialized [enabled=true]
[DEBUG] 2022-06-14 20:26:46.920 [main] StatisticsInitiator - Statistics initialized [enabled=true]
[DEBUG] 2022-06-14 20:27:09.048 [main] StatisticsInitiator - Statistics initialized [enabled=true]
[DEBUG] 2022-06-14 20:27:11.563 [main] StatisticsImpl - HHH000117: HQL: select o.creationDate, o.deliveryDate from orders o where o.creationDate<'2022-01-01 00:00:00' , time: 683ms, rows: 8971
[DEBUG] 2022-06-14 20:29:00.373 [main] StatisticsInitiator - Statistics initialized [enabled=true]
[DEBUG] 2022-06-14 20:29:02.936 [main] StatisticsImpl - HHH000117: HQL: select new com.example.persistencelayer.model.OrderDto(o.creationDate, o.deliveryDate) from orders o where o.creationDate<'2022-01-01 00:00:00' , time: 716ms, rows: 8971
[DEBUG] 2022-06-14 20:41:50.866 [main] StatisticsInitiator - Statistics initialized [enabled=true]
[DEBUG] 2022-06-14 20:41:54.158 [main] StatisticsImpl - HHH000117: HQL: select generatedAlias0 from orders as generatedAlias0 where generatedAlias0.creationDate<:param0, time: 1379ms, rows: 8971
[DEBUG] 2022-06-14 20:41:54.562 [main] StatisticsImpl - HHH000117: HQL: select new com.example.persistencelayer.model.OrderDto(o.creationDate, o.deliveryDate) from orders o where o.creationDate<'2022-01-01 00:00:00' , time: 354ms, rows: 8971
[DEBUG] 2022-06-14 20:41:55.259 [main] StatisticsImpl - HHH000117: HQL: select generatedAlias0 from orders as generatedAlias0 where generatedAlias0.creationDate<:param0, time: 669ms, rows: 8971
[DEBUG] 2022-06-14 20:41:55.527 [main] StatisticsImpl - HHH000117: HQL: select new com.example.persistencelayer.model.OrderDto(o.creationDate, o.deliveryDate) from orders o where o.creationDate<'2022-01-01 00:00:00' , time: 254ms, rows: 8971
[DEBUG] 2022-06-14 20:41:56.069 [main] StatisticsImpl - HHH000117: HQL: select generatedAlias0 from orders as generatedAlias0 where generatedAlias0.creationDate<:param0, time: 527ms, rows: 8971
[DEBUG] 2022-06-14 20:41:56.299 [main] StatisticsImpl - HHH000117: HQL: select new com.example.persistencelayer.model.OrderDto(o.creationDate, o.deliveryDate) from orders o where o.creationDate<'2022-01-01 00:00:00' , time: 215ms, rows: 8971
[DEBUG] 2022-06-14 20:41:56.875 [main] StatisticsImpl - HHH000117: HQL: select generatedAlias0 from orders as generatedAlias0 where generatedAlias0.creationDate<:param0, time: 564ms, rows: 8971
[DEBUG] 2022-06-14 20:41:57.097 [main] StatisticsImpl - HHH000117: HQL: select new com.example.persistencelayer.model.OrderDto(o.creationDate, o.deliveryDate) from orders o where o.creationDate<'2022-01-01 00:00:00' , time: 212ms, rows: 8971
[DEBUG] 2022-06-14 20:41:57.612 [main] StatisticsImpl - HHH000117: HQL: select generatedAlias0 from orders as generatedAlias0 where generatedAlias0.creationDate<:param0, time: 502ms, rows: 8971
[DEBUG] 2022-06-14 20:41:57.861 [main] StatisticsImpl - HHH000117: HQL: select new com.example.persistencelayer.model.OrderDto(o.creationDate, o.deliveryDate) from orders o where o.creationDate<'2022-01-01 00:00:00' , time: 236ms, rows: 8971
[DEBUG] 2022-06-14 20:41:58.358 [main] StatisticsImpl - HHH000117: HQL: select generatedAlias0 from orders as generatedAlias0 where generatedAlias0.creationDate<:param0, time: 485ms, rows: 8971
[DEBUG] 2022-06-14 20:41:58.570 [main] StatisticsImpl - HHH000117: HQL: select new com.example.persistencelayer.model.OrderDto(o.creationDate, o.deliveryDate) from orders o where o.creationDate<'2022-01-01 00:00:00' , time: 203ms, rows: 8971
[DEBUG] 2022-06-14 20:41:59.071 [main] StatisticsImpl - HHH000117: HQL: select generatedAlias0 from orders as generatedAlias0 where generatedAlias0.creationDate<:param0, time: 490ms, rows: 8971
[DEBUG] 2022-06-14 20:41:59.279 [main] StatisticsImpl - HHH000117: HQL: select new com.example.persistencelayer.model.OrderDto(o.creationDate, o.deliveryDate) from orders o where o.creationDate<'2022-01-01 00:00:00' , time: 198ms, rows: 8971
[DEBUG] 2022-06-14 20:41:59.761 [main] StatisticsImpl - HHH000117: HQL: select generatedAlias0 from orders as generatedAlias0 where generatedAlias0.creationDate<:param0, time: 471ms, rows: 8971
[DEBUG] 2022-06-14 20:41:59.969 [main] StatisticsImpl - HHH000117: HQL: select new com.example.persistencelayer.model.OrderDto(o.creationDate, o.deliveryDate) from orders o where o.creationDate<'2022-01-01 00:00:00' , time: 199ms, rows: 8971
[DEBUG] 2022-06-14 20:42:00.465 [main] StatisticsImpl - HHH000117: HQL: select generatedAlias0 from orders as generatedAlias0 where generatedAlias0.creationDate<:param0, time: 485ms, rows: 8971
[DEBUG] 2022-06-14 20:42:00.670 [main] StatisticsImpl - HHH000117: HQL: select new com.example.persistencelayer.model.OrderDto(o.creationDate, o.deliveryDate) from orders o where o.creationDate<'2022-01-01 00:00:00' , time: 197ms, rows: 8971
[DEBUG] 2022-06-14 20:42:01.183 [main] StatisticsImpl - HHH000117: HQL: select generatedAlias0 from orders as generatedAlias0 where generatedAlias0.creationDate<:param0, time: 501ms, rows: 8971
[DEBUG] 2022-06-14 20:42:01.400 [main] StatisticsImpl - HHH000117: HQL: select new com.example.persistencelayer.model.OrderDto(o.creationDate, o.deliveryDate) from orders o where o.creationDate<'2022-01-01 00:00:00' , time: 209ms, rows: 8971
